d:\visualstudiodoc\crypto_openssl\x64\debug\vc143.pdb
d:\visualstudiodoc\crypto_openssl\x64\debug\vc143.idb
d:\visualstudiodoc\crypto_openssl\x64\debug\rsafan.obj
d:\visualstudiodoc\crypto_openssl\x64\debug\rsa.obj
d:\visualstudiodoc\crypto_openssl\x64\debug\expmodlish.obj
d:\visualstudiodoc\crypto_openssl\x64\debug\expmod.obj
d:\visualstudiodoc\crypto_openssl\x64\debug\crt.obj
d:\visualstudiodoc\crypto_openssl\x64\debug\crtbl.obj
d:\visualstudiodoc\crypto_openssl\x64\debug\crtf.obj
d:\visualstudiodoc\crypto_openssl\x64\debug\crypto_openssl.lib
d:\visualstudiodoc\crypto_openssl\x64\debug\crypto_openssl.exp
d:\visualstudiodoc\crypto_openssl\x64\debug\crypto_openssl.exe
d:\visualstudiodoc\crypto_openssl\x64\debug\crypto_openssl.ilk
d:\visualstudiodoc\crypto_openssl\x64\debug\crypto_openssl.pdb
d:\visualstudiodoc\crypto_openssl\x64\debug\crypto_openssl.tlog\cl.command.1.tlog
d:\visualstudiodoc\crypto_openssl\x64\debug\crypto_openssl.tlog\cl.read.1.tlog
d:\visualstudiodoc\crypto_openssl\x64\debug\crypto_openssl.tlog\cl.write.1.tlog
d:\visualstudiodoc\crypto_openssl\x64\debug\crypto_openssl.tlog\crypto_openssl.write.1u.tlog
d:\visualstudiodoc\crypto_openssl\x64\debug\crypto_openssl.tlog\link.command.1.tlog
d:\visualstudiodoc\crypto_openssl\x64\debug\crypto_openssl.tlog\link.read.1.tlog
d:\visualstudiodoc\crypto_openssl\x64\debug\crypto_openssl.tlog\link.write.1.tlog
